<?xml version="1.0" encoding="UTF-8" ?>

<testsuite failures="0" time="0.016" errors="0" skipped="0" tests="1" name="BasicTest">
  <testcase classname="BasicTest" name="testAll" time="0.016">
      </testcase>
</testsuite>
